### ISSUE TITLE
crash of tsmuxer of nalUnits.cpp:110 in function encodeNAL

### ISSUE THREAD

**Issue by NigelX** [justdan96/tsMuxer#441]
Hi
I found an crash error.

System info：
Ubuntu 20.04 : clang 11.0.0 , gcc 9.3.0

tsMuxeR version git-f6ab2a2

------------------------------------------
Verification steps：
1.Get the source code of tsMuxer
2.Compile the tsMuxer
```bash
$ cd tsMuxer
$ mkdir build && cd build
$ cmake ../ -DCMAKE_C_COMPILER=clang  -DCMAKE_CXX_COMPILER=clang++ -DCMAKE_C_FLAGS="-fsanitize=address" -DCMAKE_CXX_FLAGS="-fsanitize=address"
$ make -j 32
```
3.run poc
```bash
$ cd tsMuxer
$ ./tsmuxer poc
```
file:
[poc.zip](https://github.com/justdan96/tsMuxer/files/6582427/poc.zip)

 info:
```bash
tsMuxeR version git-f6ab2a2. github.com/justdan96/tsMuxer
This HEVC stream doesn't contain fps value. Muxing fps is absent too. Set muxing FPS to default 25.0 value.
HEVC manual defined fps doesn't equal to stream fps. Change HEVC fps from 0.991767 to 25

Program received signal SIGSEGV, Segmentation fault.
[----------------------------------registers-----------------------------------]
RAX: 0xc97000 
RBX: 0x207b36f 
RCX: 0x666eb0 --> 0x0 
RDX: 0x83 
RSI: 0xc97000 
RDI: 0x13d8aea 
RBP: 0xc97000 
RSP: 0x7fffffff7670 --> 0x7ffff7da3d60 --> 0x7ffff7d9cac8 --> 0x7ffff7ccf650 (<_ZN9__gnu_cxx18stdio_sync_filebufIcSt11char_traitsIcEED1Ev>:	endbr64)
RIP: 0x2de908 (<HEVCStreamReader::updateStreamFps(void*, unsigned char*, unsigned char*, int)+296>:	cmp    BYTE PTR [rbp+0x0],0x4)
R8 : 0x7ffff0c0c010 --> 0x5ff120016000143 
R9 : 0x0 
R10: 0x22 ('"')
R11: 0x246 
R12: 0x7ffff0c37745 --> 0x0 
R13: 0x7fffffff83a8 --> 0x231778 --> 0x2dd230 (<HEVCStreamReader::writeAdditionData(unsigned char*, unsigned char*, AVPacket&, std::vector<std::pair<int, int>, std::allocator<std::pair<int, int> > >*)>:	push   r15)
R14: 0x42e578 --> 0x666eb0 --> 0x0 
R15: 0x7ffff38140e5 --> 0x1113000140010000
EFLAGS: 0x10282 (carry parity adjust zero SIGN trap INTERRUPT direction overflow)
[-------------------------------------code-------------------------------------]
   0x2de8fc <HEVCStreamReader::updateStreamFps(void*, unsigned char*, unsigned char*, int)+284>:	adc    dl,0x0
   0x2de8ff <HEVCStreamReader::updateStreamFps(void*, unsigned char*, unsigned char*, int)+287>:	mov    BYTE PTR [rcx+0x1bc5],dl
   0x2de905 <HEVCStreamReader::updateStreamFps(void*, unsigned char*, unsigned char*, int)+293>:	mov    rbp,rax
=> 0x2de908 <HEVCStreamReader::updateStreamFps(void*, unsigned char*, unsigned char*, int)+296>:	cmp    BYTE PTR [rbp+0x0],0x4
   0x2de90c <HEVCStreamReader::updateStreamFps(void*, unsigned char*, unsigned char*, int)+300>:	
    jae    0x2dea10 <HEVCStreamReader::updateStreamFps(void*, unsigned char*, unsigned char*, int)+560>:	    jae    0x2dea10 <HEVCStreamReader::updateStreamFps(void*, unsigned char*, unsigned char*, int)+560>
   0x2de912 <HEVCStreamReader::updateStreamFps(void*, unsigned char*, unsigned char*, int)+306>:	cmp    BYTE PTR [rbp-0x2],0x0
   0x2de916 <HEVCStreamReader::updateStreamFps(void*, unsigned char*, unsigned char*, int)+310>:	
    je     0x2de930 <HEVCStreamReader::updateStreamFps(void*, unsigned char*, unsigned char*, int)+336>:	    je     0x2de930 <HEVCStreamReader::updateStreamFps(void*, unsigned char*, unsigned char*, int)+336>
   0x2de918 <HEVCStreamReader::updateStreamFps(void*, unsigned char*, unsigned char*, int)+312>:	mov    rax,QWORD PTR [r14]
[------------------------------------stack-------------------------------------]
0000| 0x7fffffff7670 --> 0x7ffff7da3d60 --> 0x7ffff7d9cac8 --> 0x7ffff7ccf650 (<_ZN9__gnu_cxx18stdio_sync_filebufIcSt11char_traitsIcEED1Ev>:	endbr64)
0008| 0x7fffffff7678 --> 0x7ffff78fa7b2 (<_IO_new_file_xsputn+98>:	add    r12,r13)
0016| 0x7fffffff7680 --> 0x0 
0024| 0x7fffffff7688 --> 0x6 
0032| 0x7fffffff7690 --> 0x7fffffff7800 --> 0x7ffff38140e5 --> 0x1113000140010000 
0040| 0x7fffffff7698 --> 0x7ffff7a546a0 --> 0xfbad2a84 
0048| 0x7fffffff76a0 --> 0x7ffff38140e5 --> 0x1113000140010000 
0056| 0x7fffffff76a8 --> 0x7ffff0c0c010 --> 0x5ff120016000143 
[------------------------------------------------------------------------------]
Legend: code, data, rodata, value
Stopped reason: SIGSEGV
HEVCStreamReader::updateStreamFps (this=<optimized out>, nalUnit=<optimized out>, buff=0x7ffff38140ac "C\001", nextNal=0x7ffff38140e5 "")
    at /home/hh/Downloads/tsMuxer/tsMuxer/nalUnits.cpp:110
110	        if (*srcBuffer > 3)
```
Please confirm.

Thanks

**Comment by jcdr428** [comment]
@NigelX I believe it is fixed by the previous patches, I'll wait for them to be pushed before looking at other fsanitize crashes.

**Comment by xavery** [comment]
Not an issue with current master anymore, closing.

**Comment by jcdr428** [comment]
@NigelX can you please test latest master ?

**Comment by NigelX** [comment]
@jcdr428 The latest version does not have this problem
